[debug] [2024-12-20T20:28:33.252Z] ----------------------------------------------------------------------
[debug] [2024-12-20T20:28:33.254Z] Command:       /opt/homebrew/Cellar/node/23.1.0_1/bin/node /opt/homebrew/bin/firebase init
[debug] [2024-12-20T20:28:33.254Z] CLI Version:   13.29.1
[debug] [2024-12-20T20:28:33.255Z] Platform:      darwin
[debug] [2024-12-20T20:28:33.255Z] Node Version:  v23.1.0
[debug] [2024-12-20T20:28:33.255Z] Time:          Sat Dec 21 2024 03:28:33 GMT+0700 (Indochina Time)
[debug] [2024-12-20T20:28:33.255Z] ----------------------------------------------------------------------
[debug] 
[debug] [2024-12-20T20:28:33.256Z] >>> [apiv2][query] GET https://firebase-public.firebaseio.com/cli.json [none]
[debug] [2024-12-20T20:28:33.274Z] > command requires scopes: ["email","openid","https://www.googleapis.com/auth/cloudplatformprojects.readonly","https://www.googleapis.com/auth/firebase","https://www.googleapis.com/auth/cloud-platform"]
[debug] [2024-12-20T20:28:33.274Z] > authorizing via signed-in user (vawntan.dev@gmail.com)
[info] 
     ######## #### ########  ######## ########     ###     ######  ########
     ##        ##  ##     ## ##       ##     ##  ##   ##  ##       ##
     ######    ##  ########  ######   ########  #########  ######  ######
     ##        ##  ##    ##  ##       ##     ## ##     ##       ## ##
     ##       #### ##     ## ######## ########  ##     ##  ######  ########

You're about to initialize a Firebase project in this directory:

  /Volumes/WS/Github/portfolio-magic-ui

Before we get started, keep in mind:

  * You are currently outside your home directory

[debug] [2024-12-20T20:28:33.973Z] <<< [apiv2][status] GET https://firebase-public.firebaseio.com/cli.json 200
[debug] [2024-12-20T20:28:33.973Z] <<< [apiv2][body] GET https://firebase-public.firebaseio.com/cli.json {"cloudBuildErrorAfter":1594252800000,"cloudBuildWarnAfter":1590019200000,"defaultNode10After":1594252800000,"minVersion":"3.0.5","node8DeploysDisabledAfter":1613390400000,"node8RuntimeDisabledAfter":1615809600000,"node8WarnAfter":1600128000000}
[info] 
=== Project Setup
[info] 
[info] First, let's associate this project directory with a Firebase project.
[info] You can create multiple project aliases by running firebase use --add, 
[info] but for now we'll just set up a default project.
[info] 
[debug] [2024-12-20T20:28:41.863Z] Checked if tokens are valid: false, expires at: 1734206586277
[debug] [2024-12-20T20:28:41.863Z] Checked if tokens are valid: false, expires at: 1734206586277
[debug] [2024-12-20T20:28:41.863Z] > refreshing access token with scopes: []
[debug] [2024-12-20T20:28:41.864Z] >>> [apiv2][query] POST https://www.googleapis.com/oauth2/v3/token [none]
[debug] [2024-12-20T20:28:41.864Z] >>> [apiv2][body] POST https://www.googleapis.com/oauth2/v3/token [omitted]
[debug] [2024-12-20T20:28:42.014Z] <<< [apiv2][status] POST https://www.googleapis.com/oauth2/v3/token 200
[debug] [2024-12-20T20:28:42.014Z] <<< [apiv2][body] POST https://www.googleapis.com/oauth2/v3/token [omitted]
[debug] [2024-12-20T20:28:42.030Z] >>> [apiv2][query] GET https://firebase.googleapis.com/v1beta1/projects pageSize=100
[debug] [2024-12-20T20:28:42.677Z] <<< [apiv2][status] GET https://firebase.googleapis.com/v1beta1/projects 200
[debug] [2024-12-20T20:28:42.677Z] <<< [apiv2][body] GET https://firebase.googleapis.com/v1beta1/projects [omitted]
[info] i  Using project resume-9bf2b (resume) 
[info] 
=== Hosting Setup
[debug] [2024-12-20T20:28:47.856Z] Checked if tokens are valid: true, expires at: 1734730121014
[debug] [2024-12-20T20:28:47.856Z] Checked if tokens are valid: true, expires at: 1734730121014
[debug] [2024-12-20T20:28:47.856Z] >>> [apiv2][query] GET https://firebase.googleapis.com/v1beta1/projects/resume-9bf2b [none]
[debug] [2024-12-20T20:28:48.179Z] <<< [apiv2][status] GET https://firebase.googleapis.com/v1beta1/projects/resume-9bf2b 200
[debug] [2024-12-20T20:28:48.179Z] <<< [apiv2][body] GET https://firebase.googleapis.com/v1beta1/projects/resume-9bf2b {"projectId":"resume-9bf2b","projectNumber":"611973610454","displayName":"resume","name":"projects/resume-9bf2b","resources":{"hostingSite":"resume-9bf2b"},"state":"ACTIVE","etag":"1_a64a46a1-23cf-462a-ba66-c961cfbebb9e"}
[info] 
[info] Your public directory is the folder (relative to your project directory) that
[info] will contain Hosting assets to be uploaded with firebase deploy. If you
[info] have a build process for your assets, use your build's output directory.
[info] 
